[2016-03-12 12:43:17] START
[2016-03-12 12:46:57] EDIT camp/controllers/default.py: 68
[2016-03-12 12:47:39] EDIT camp/models/db.py: 19
[2016-03-12 12:48:23] EDIT camp/models/menu.py: 0
[2016-03-12 12:50:23] EDIT camp/models/menu.py: 0
[2016-03-12 12:51:39] EDIT camp/views/default/index.html: -19
[2016-03-12 12:52:51] UPLOAD /Users/habibi/web2py/applications/camp/static/camplogo: 160
[2016-03-12 12:54:15] EDIT camp/models/menu.py: 0
[2016-03-12 12:55:39] EDIT camp/models/menu.py: 0
[2016-03-12 12:55:50] EDIT camp/models/menu.py: 0
[2016-03-12 12:56:01] EDIT camp/models/menu.py: 0
[2016-03-12 12:56:17] EDIT camp/models/menu.py: 0
[2016-03-12 12:56:45] EDIT camp/models/menu.py: 0
[2016-03-12 12:57:07] EDIT camp/models/menu.py: 0
[2016-03-12 12:57:19] EDIT camp/models/menu.py: 0
[2016-03-12 13:01:29] EDIT camp/views/layout.html: -2
[2016-03-12 13:01:55] EDIT camp/views/layout.html: 0
[2016-03-12 13:04:49] EDIT camp/views/layout.html: 1
[2016-03-12 13:05:03] EDIT camp/views/layout.html: 0
[2016-03-12 13:05:40] EDIT camp/views/layout.html: 0
[2016-03-12 13:05:43] EDIT camp/views/layout.html: 0
[2016-03-12 13:06:44] EDIT camp/views/layout.html: -2
[2016-03-12 13:06:53] EDIT camp/views/layout.html: 2
[2016-03-12 13:07:06] EDIT camp/views/layout.html: 0
[2016-03-12 13:07:29] EDIT camp/models/menu.py: 0
[2016-03-12 13:15:39] EDIT camp/views/default/index.html: 355
[2016-03-12 13:16:25] EDIT camp/views/layout.html: 259
[2016-03-12 13:16:55] EDIT camp/views/default/index.html: 0
[2016-03-12 13:22:12] EDIT camp/views/layout.html: -1
[2016-03-12 13:24:04] EDIT camp/views/layout.html: 0
[2016-03-12 13:25:13] EDIT camp/views/layout.html: 0
[2016-03-12 13:27:10] EDIT camp/views/layout.html: 0
[2016-03-12 13:27:27] EDIT camp/views/layout.html: -1
[2016-03-12 13:27:45] EDIT camp/views/layout.html: 1
[2016-03-12 13:28:07] EDIT camp/views/layout.html: -1
[2016-03-12 13:28:47] EDIT camp/views/layout.html: 0
[2016-03-12 13:30:55] EDIT camp/views/layout.html: -7
[2016-03-12 13:32:13] EDIT camp/views/layout.html: 0
[2016-03-12 13:34:01] EDIT camp/views/layout.html: 0
[2016-03-12 13:36:18] DELETE camp/static/camplogo: -160
[2016-03-12 13:36:41] UPLOAD /Users/habibi/web2py/applications/camp/static/logo: 103
[2016-03-12 13:36:53] DELETE camp/static/logo: -103
[2016-03-12 13:37:30] UPLOAD /Users/habibi/web2py/applications/camp/static/logo: 103
[2016-03-12 13:38:21] UPLOAD /Users/habibi/web2py/applications/camp/static/logo: 103
[2016-03-12 13:38:39] EDIT camp/views/layout.html: 0
[2016-03-12 13:38:42] EDIT camp/views/layout.html: 0
[2016-03-12 13:38:50] EDIT camp/views/layout.html: 0
[2016-03-12 13:40:16] DELETE camp/static/logo: -103
[2016-03-12 13:40:39] UPLOAD /Users/habibi/web2py/applications/camp/static/logo: 287
[2016-03-12 13:41:00] DELETE camp/static/logo: -287
[2016-03-12 13:41:26] UPLOAD /Users/habibi/web2py/applications/camp/static/logo: 103
[2016-03-12 13:42:13] EDIT camp/views/layout.html: 0
[2016-03-12 13:43:01] EDIT camp/views/layout.html: -7
[2016-03-12 13:44:52] EDIT camp/views/layout.html: -3
[2016-03-12 13:45:41] EDIT camp/views/layout.html: 0
[2016-03-12 13:45:57] EDIT camp/views/layout.html: 0
[2016-03-12 13:46:57] EDIT camp/views/layout.html: 1
[2016-03-12 13:47:32] EDIT camp/views/layout.html: -5
[2016-03-12 13:48:02] EDIT camp/views/layout.html: 0
[2016-03-12 13:48:38] EDIT camp/views/layout.html: 0
[2016-03-12 13:49:19] EDIT camp/views/layout.html: -8
[2016-03-12 13:49:47] EDIT camp/views/layout.html: 8
[2016-03-12 13:50:14] EDIT camp/views/layout.html: 0
[2016-03-12 13:50:41] EDIT camp/views/layout.html: 0
[2016-03-12 13:51:07] EDIT camp/views/layout.html: -9
[2016-03-12 13:51:32] EDIT camp/views/layout.html: 0
[2016-03-12 13:51:40] EDIT camp/views/layout.html: 0
[2016-03-12 13:51:55] EDIT camp/views/layout.html: 0
[2016-03-12 13:51:59] EDIT camp/views/layout.html: 0
[2016-03-12 13:52:47] EDIT camp/views/layout.html: -1
[2016-03-12 13:53:23] EDIT camp/views/layout.html: 0
[2016-03-12 13:54:13] EDIT camp/views/layout.html: 0
[2016-03-12 13:54:35] EDIT camp/views/layout.html: 0
[2016-03-12 13:54:50] EDIT camp/views/layout.html: 0
[2016-03-12 13:55:10] EDIT camp/views/layout.html: 0
[2016-03-12 13:56:40] EDIT camp/views/layout.html: 0
[2016-03-12 13:56:55] EDIT camp/views/layout.html: 0
[2016-03-12 13:58:02] EDIT camp/views/layout.html: 0
[2016-03-12 13:58:57] EDIT camp/views/layout.html: 0
[2016-03-12 13:59:20] EDIT camp/views/layout.html: 0
[2016-03-12 13:59:47] EDIT camp/views/layout.html: 0
[2016-03-12 14:00:00] EDIT camp/views/layout.html: 0
[2016-03-12 14:00:33] EDIT camp/views/layout.html: -6
[2016-03-12 14:01:10] EDIT camp/views/layout.html: 0
[2016-03-12 14:02:09] EDIT camp/views/layout.html: -2
[2016-03-12 14:02:36] EDIT camp/views/layout.html: 0
[2016-03-12 14:02:46] EDIT camp/views/layout.html: -1
[2016-03-12 14:03:58] EDIT camp/views/layout.html: 1
[2016-03-12 14:06:57] EDIT camp/views/layout.html: 0
[2016-03-12 14:07:31] EDIT camp/views/layout.html: 0
[2016-03-12 14:07:34] EDIT camp/views/layout.html: 0
[2016-03-12 14:09:28] EDIT camp/views/layout.html: 0
[2016-03-12 14:09:48] EDIT camp/views/layout.html: 0
[2016-03-12 14:10:23] EDIT camp/views/layout.html: 0
[2016-03-12 14:12:49] EDIT camp/views/layout.html: 0
[2016-03-12 14:21:10] UPLOAD /Users/habibi/web2py/applications/camp/static/swimming: 527
[2016-03-12 14:21:20] UPLOAD /Users/habibi/web2py/applications/camp/static/dancing: 656
[2016-03-12 14:21:32] UPLOAD /Users/habibi/web2py/applications/camp/static/riding: 503
[2016-03-12 14:21:41] UPLOAD /Users/habibi/web2py/applications/camp/static/friendship: 384
[2016-03-12 14:23:21] EDIT camp/views/layout.html: 0
[2016-03-12 14:23:36] EDIT camp/views/layout.html: 0
[2016-03-12 14:23:48] EDIT camp/views/layout.html: 0
[2016-03-12 14:24:14] EDIT camp/views/layout.html: 0
[2016-03-12 14:24:22] EDIT camp/views/layout.html: 0
[2016-03-12 14:24:57] EDIT camp/views/layout.html: 0
[2016-03-12 14:26:30] EDIT camp/views/layout.html: 0
[2016-03-12 14:27:13] EDIT camp/views/layout.html: 0
[2016-03-12 14:28:52] EDIT camp/views/layout.html: 0
[2016-03-12 14:29:19] EDIT camp/views/layout.html: 0
[2016-03-12 14:31:04] EDIT camp/views/layout.html: 0
[2016-03-12 14:31:55] EDIT camp/views/layout.html: 0
[2016-03-12 14:32:16] EDIT camp/views/layout.html: 0
[2016-03-12 14:46:59] EDIT camp/views/layout.html: 0
[2016-03-12 14:47:27] EDIT camp/views/layout.html: 0
[2016-03-12 14:48:29] EDIT camp/views/layout.html: 0
[2016-03-12 15:27:50] EDIT camp/views/layout.html: 0
[2016-03-12 15:27:58] EDIT camp/views/layout.html: 0
[2016-03-12 15:28:26] EDIT camp/views/layout.html: 0
[2016-03-12 15:28:43] EDIT camp/views/layout.html: 0
[2016-03-12 15:29:08] EDIT camp/views/layout.html: -1
[2016-03-12 15:29:49] EDIT camp/views/layout.html: 0
[2016-03-12 15:31:21] EDIT camp/views/layout.html: 0
[2016-03-12 15:31:51] EDIT camp/views/layout.html: 0
[2016-03-12 15:32:02] EDIT camp/views/layout.html: 0
[2016-03-12 15:32:31] EDIT camp/views/layout.html: 1
[2016-03-12 15:34:24] EDIT camp/views/layout.html: 2
[2016-03-12 15:34:39] EDIT camp/views/layout.html: 0
[2016-03-12 15:35:43] EDIT camp/views/layout.html: 2
[2016-03-12 15:37:30] EDIT camp/views/layout.html: 0
[2016-03-12 15:38:13] EDIT camp/views/layout.html: 0
[2016-03-12 15:38:50] EDIT camp/views/layout.html: 0
[2016-03-12 15:38:52] EDIT camp/views/layout.html: 0
[2016-03-12 15:39:13] EDIT camp/views/layout.html: 0
[2016-03-12 15:39:24] EDIT camp/views/layout.html: 0
[2016-03-12 15:39:40] EDIT camp/views/layout.html: 0
[2016-03-12 15:40:43] EDIT camp/views/layout.html: 0
[2016-03-12 15:42:00] EDIT camp/views/layout.html: 0
[2016-03-12 15:42:23] EDIT camp/views/layout.html: 0
[2016-03-12 15:42:52] EDIT camp/views/layout.html: 4
[2016-03-12 15:43:35] EDIT camp/views/layout.html: 0
[2016-03-12 15:44:09] EDIT camp/views/layout.html: 0
[2016-03-12 15:44:11] EDIT camp/views/layout.html: 0
[2016-03-12 15:44:18] EDIT camp/views/layout.html: 0
[2016-03-12 15:44:53] EDIT camp/views/layout.html: -1
[2016-03-12 15:45:04] EDIT camp/views/layout.html: 0
[2016-03-12 15:45:20] EDIT camp/views/layout.html: 0
[2016-03-12 15:45:39] EDIT camp/views/layout.html: -1
[2016-03-12 15:45:54] EDIT camp/views/layout.html: 0
[2016-03-12 15:46:26] EDIT camp/views/layout.html: 2
[2016-03-12 15:47:19] EDIT camp/views/layout.html: -2
[2016-03-12 15:48:19] EDIT camp/views/layout.html: 0
[2016-03-12 15:48:52] EDIT camp/views/layout.html: 0
[2016-03-12 15:49:12] EDIT camp/views/layout.html: 0
[2016-03-12 15:49:21] EDIT camp/views/layout.html: 0
[2016-03-12 15:49:47] EDIT camp/views/layout.html: 0
[2016-03-12 15:49:51] EDIT camp/views/layout.html: 0
[2016-03-12 15:50:10] EDIT camp/views/layout.html: 0
[2016-03-12 15:50:17] EDIT camp/views/layout.html: 0
[2016-03-12 15:50:29] EDIT camp/views/layout.html: 0
[2016-03-12 15:50:40] EDIT camp/views/layout.html: 0
[2016-03-12 15:51:00] EDIT camp/views/layout.html: 0
[2016-03-12 15:51:29] EDIT camp/views/layout.html: 0
[2016-03-12 15:51:35] EDIT camp/views/layout.html: 0
[2016-03-12 15:52:09] EDIT camp/views/layout.html: 0
[2016-03-12 15:52:29] EDIT camp/views/layout.html: 0
[2016-03-12 15:52:40] EDIT camp/views/layout.html: 0
[2016-03-12 15:53:03] EDIT camp/views/layout.html: 0
[2016-03-12 15:56:04] EDIT camp/views/layout.html: 5
[2016-03-12 15:56:28] EDIT camp/views/layout.html: 0
[2016-03-12 15:57:18] EDIT camp/views/layout.html: -3
[2016-03-12 15:57:34] EDIT camp/views/layout.html: 3
[2016-03-12 15:57:45] EDIT camp/views/layout.html: -4
[2016-03-12 15:57:54] EDIT camp/views/layout.html: -1
[2016-03-12 15:58:30] UPLOAD /Users/habibi/web2py/applications/camp/static/logo: 103
[2016-03-12 15:59:16] UPLOAD /Users/habibi/web2py/applications/camp/static/logo: 136
[2016-03-12 16:03:02] EDIT camp/views/layout.html: 0
[2016-03-12 16:03:19] EDIT camp/views/layout.html: -1
[2016-03-19 00:25:33] UPLOAD /Users/habibi/web2py/applications/camp/static/nurses.jpg: 691
[2016-03-19 00:25:51] UPLOAD /Users/habibi/web2py/applications/camp/static/nurses: 691
